<?xml version="1.0" encoding="UTF-8"?>
<testsuite name="ChatGPTTest" tests="3" skipped="0" failures="0" errors="0" timestamp="2023-06-08T00:33:12" hostname="LAPTOP-PHAURQUR" time="3.725">
  <properties/>
  <testcase name="testAPIEndpointWithLongPrompt()" classname="ChatGPTTest" time="0.054"/>
  <testcase name="testAPIEndpointWithLargeMaxTokens()" classname="ChatGPTTest" time="2.845"/>
  <testcase name="testAPIEndpoint()" classname="ChatGPTTest" time="0.824"/>
  <system-out><![CDATA[]]></system-out>
  <system-err><![CDATA[]]></system-err>
</testsuite>
