<?xml version="1.0" encoding="UTF-8"?>
<testsuite name="MockGPTTest" tests="3" skipped="0" failures="0" errors="0" timestamp="2023-06-08T10:45:13" hostname="LAPTOP-PHAURQUR" time="0.001">
  <properties/>
  <testcase name="testAPIEndpointWithLongPrompt" classname="MockGPTTest" time="0.0"/>
  <testcase name="testAPIEndpointWithLargeMaxTokens" classname="MockGPTTest" time="0.0"/>
  <testcase name="testAPIEndpoint" classname="MockGPTTest" time="0.0"/>
  <system-out><![CDATA[]]></system-out>
  <system-err><![CDATA[]]></system-err>
</testsuite>
