<?xml version="1.0" encoding="UTF-8"?>
<testsuite name="VoiceRecognitionTests" tests="2" skipped="0" failures="0" errors="0" timestamp="2023-05-30T22:33:16" hostname="Leyis-MacBook-Pro.local" time="0.001">
  <properties/>
  <testcase name="testVoiceRecognition" classname="VoiceRecognitionTests" time="0.001"/>
  <testcase name="testVoiceRecognitionSilence" classname="VoiceRecognitionTests" time="0.0"/>
  <system-out><![CDATA[]]></system-out>
  <system-err><![CDATA[]]></system-err>
</testsuite>
