<?xml version="1.0" encoding="UTF-8"?>
<testsuite name="VoiceCommandTests" tests="7" skipped="0" failures="0" errors="0" timestamp="2023-06-08T10:57:07" hostname="LAPTOP-PHAURQUR" time="0.014">
  <properties/>
  <testcase name="commandQuestion" classname="VoiceCommandTests" time="0.002"/>
  <testcase name="commandUnknown" classname="VoiceCommandTests" time="0.002"/>
  <testcase name="deletePrompt" classname="VoiceCommandTests" time="0.001"/>
  <testcase name="commandDelete" classname="VoiceCommandTests" time="0.001"/>
  <testcase name="newQuestion" classname="VoiceCommandTests" time="0.002"/>
  <testcase name="clearAll" classname="VoiceCommandTests" time="0.002"/>
  <testcase name="commandClear" classname="VoiceCommandTests" time="0.002"/>
  <system-out><![CDATA[]]></system-out>
  <system-err><![CDATA[]]></system-err>
</testsuite>
