<?xml version="1.0" encoding="UTF-8"?>
<testsuite name="ChatGPTTest" tests="3" skipped="0" failures="0" errors="0" timestamp="2023-05-15T18:35:11" hostname="LAPTOP-PHAURQUR" time="3.897">
  <properties/>
  <testcase name="testAPIEndpointWithLongPrompt()" classname="ChatGPTTest" time="0.034"/>
  <testcase name="testAPIEndpointWithLargeMaxTokens()" classname="ChatGPTTest" time="1.75"/>
  <testcase name="testAPIEndpoint()" classname="ChatGPTTest" time="2.108"/>
  <system-out><![CDATA[]]></system-out>
  <system-err><![CDATA[]]></system-err>
</testsuite>
