<?xml version="1.0" encoding="UTF-8"?>
<testsuite name="LoginTest" tests="6" skipped="0" failures="0" errors="0" timestamp="2023-06-08T13:23:39" hostname="LAPTOP-PHAURQUR" time="15.339">
  <properties/>
  <testcase name="testNoAutomaticLogin()" classname="LoginTest" time="3.535"/>
  <testcase name="testValidEmail()" classname="LoginTest" time="3.526"/>
  <testcase name="testYesAutomaticLogin()" classname="LoginTest" time="3.39"/>
  <testcase name="testWrongPassword()" classname="LoginTest" time="3.475"/>
  <testcase name="testBlankFields()" classname="LoginTest" time="0.689"/>
  <testcase name="testInvalidEmail()" classname="LoginTest" time="0.723"/>
  <system-out><![CDATA[]]></system-out>
  <system-err><![CDATA[]]></system-err>
</testsuite>
