<?xml version="1.0" encoding="UTF-8"?>
<testsuite name="ChatGPTTest" tests="3" skipped="0" failures="0" errors="0" timestamp="2023-05-15T18:41:49" hostname="LAPTOP-PHAURQUR" time="3.506">
  <properties/>
  <testcase name="testAPIEndpointWithLongPrompt()" classname="ChatGPTTest" time="0.037"/>
  <testcase name="testAPIEndpointWithLargeMaxTokens()" classname="ChatGPTTest" time="1.855"/>
  <testcase name="testAPIEndpoint()" classname="ChatGPTTest" time="1.61"/>
  <system-out><![CDATA[]]></system-out>
  <system-err><![CDATA[]]></system-err>
</testsuite>
