<?xml version="1.0" encoding="UTF-8"?>
<testsuite name="DatabaseTest" tests="1" skipped="0" failures="0" errors="0" timestamp="2023-06-08T18:28:08" hostname="LAPTOP-PHAURQUR" time="0.976">
  <properties/>
  <testcase name="testBasicCRUD()" classname="DatabaseTest" time="0.976"/>
  <system-out><![CDATA[]]></system-out>
  <system-err><![CDATA[]]></system-err>
</testsuite>
