<?xml version="1.0" encoding="UTF-8"?>
<testsuite name="CrudTest" tests="15" skipped="0" failures="0" errors="0" timestamp="2023-06-08T18:27:36" hostname="LAPTOP-PHAURQUR" time="32.113">
  <properties/>
  <testcase name="sendEmailInfo()" classname="CrudTest" time="3.223"/>
  <testcase name="updateSetupEmailInfo()" classname="CrudTest" time="6.287"/>
  <testcase name="addLoginInfo()" classname="CrudTest" time="4.139"/>
  <testcase name="addQuestionAndAnswer()" classname="CrudTest" time="1.579"/>
  <testcase name="addEmail()" classname="CrudTest" time="1.359"/>
  <testcase name="manuallyLog()" classname="CrudTest" time="0.002"/>
  <testcase name="checkAutomaticLogin()" classname="CrudTest" time="0.725"/>
  <testcase name="clearAll()" classname="CrudTest" time="1.428"/>
  <testcase name="clearOne()" classname="CrudTest" time="2.069"/>
  <testcase name="successfulLogin()" classname="CrudTest" time="1.994"/>
  <testcase name="clearDatabase()" classname="CrudTest" time="1.457"/>
  <testcase name="userExists()" classname="CrudTest" time="2.287"/>
  <testcase name="getUserInfo()" classname="CrudTest" time="2.101"/>
  <testcase name="automaticallyLog()" classname="CrudTest" time="2.105"/>
  <testcase name="readUserChatDataByEmail()" classname="CrudTest" time="1.352"/>
  <system-out><![CDATA[]]></system-out>
  <system-err><![CDATA[Jun 08, 2023 11:27:36 AM com.mongodb.internal.diagnostics.logging.Loggers shouldUseSLF4J
WARNING: SLF4J not found on the classpath.  Logging is disabled for the 'org.mongodb.driver' component
]]></system-err>
</testsuite>
