<?xml version="1.0" encoding="UTF-8"?>
<testsuite name="ChatGPTTest" tests="3" skipped="0" failures="0" errors="0" timestamp="2023-06-08T02:03:39" hostname="LAPTOP-PHAURQUR" time="2.984">
  <properties/>
  <testcase name="testAPIEndpointWithLongPrompt()" classname="ChatGPTTest" time="0.033"/>
  <testcase name="testAPIEndpointWithLargeMaxTokens()" classname="ChatGPTTest" time="1.832"/>
  <testcase name="testAPIEndpoint()" classname="ChatGPTTest" time="1.117"/>
  <system-out><![CDATA[]]></system-out>
  <system-err><![CDATA[]]></system-err>
</testsuite>
