<?xml version="1.0" encoding="UTF-8"?>
<testsuite name="DatabaseTest" tests="1" skipped="0" failures="0" errors="0" timestamp="2023-06-08T10:44:58" hostname="LAPTOP-PHAURQUR" time="1.408">
  <properties/>
  <testcase name="testBasicCRUD()" classname="DatabaseTest" time="1.408"/>
  <system-out><![CDATA[]]></system-out>
  <system-err><![CDATA[Jun 08, 2023 3:44:58 AM com.mongodb.internal.diagnostics.logging.Loggers shouldUseSLF4J
WARNING: SLF4J not found on the classpath.  Logging is disabled for the 'org.mongodb.driver' component
]]></system-err>
</testsuite>
