<?xml version="1.0" encoding="UTF-8"?>
<testsuite name="MockRecorderTest" tests="8" skipped="0" failures="0" errors="0" timestamp="2023-06-08T13:24:03" hostname="LAPTOP-PHAURQUR" time="0.006">
  <properties/>
  <testcase name="testOpenMicrophone" classname="MockRecorderTest" time="0.002"/>
  <testcase name="MockAudioSystem" classname="MockRecorderTest" time="0.0"/>
  <testcase name="MockAudioInputStreamTest" classname="MockRecorderTest" time="0.0"/>
  <testcase name="MockTargetDataLineOpen" classname="MockRecorderTest" time="0.0"/>
  <testcase name="MockTargetDataLineStop" classname="MockRecorderTest" time="0.0"/>
  <testcase name="MockTargetDataLineClose" classname="MockRecorderTest" time="0.0"/>
  <testcase name="MockTargetDataLineStart" classname="MockRecorderTest" time="0.0"/>
  <testcase name="testCloseMicrophone" classname="MockRecorderTest" time="0.002"/>
  <system-out><![CDATA[]]></system-out>
  <system-err><![CDATA[]]></system-err>
</testsuite>
