<?xml version="1.0" encoding="UTF-8"?>
<testsuite name="VoiceRecognitionTests" tests="2" skipped="0" failures="0" errors="0" timestamp="2023-06-08T06:10:01" hostname="LAPTOP-H6KHTHCM" time="0.01">
  <properties/>
  <testcase name="testVoiceRecognition" classname="VoiceRecognitionTests" time="0.005"/>
  <testcase name="testVoiceRecognitionSilence" classname="VoiceRecognitionTests" time="0.004"/>
  <system-out><![CDATA[]]></system-out>
  <system-err><![CDATA[]]></system-err>
</testsuite>
