<?xml version="1.0" encoding="UTF-8"?>
<testsuite name="RegisterTest" tests="4" skipped="0" failures="0" errors="0" timestamp="2023-06-08T10:57:00" hostname="LAPTOP-PHAURQUR" time="6.499">
  <properties/>
  <testcase name="testValidEmail()" classname="RegisterTest" time="2.917"/>
  <testcase name="testAlreadyRegisteredEmail()" classname="RegisterTest" time="3.507"/>
  <testcase name="testBlankFields()" classname="RegisterTest" time="0.036"/>
  <testcase name="testDifferentPasswords()" classname="RegisterTest" time="0.037"/>
  <system-out><![CDATA[]]></system-out>
  <system-err><![CDATA[]]></system-err>
</testsuite>
