<?xml version="1.0" encoding="UTF-8"?>
<testsuite name="VoiceRecognitionTests" tests="2" skipped="0" failures="0" errors="0" timestamp="2023-06-08T00:33:17" hostname="LAPTOP-PHAURQUR" time="0.003">
  <properties/>
  <testcase name="testVoiceRecognition" classname="VoiceRecognitionTests" time="0.002"/>
  <testcase name="testVoiceRecognitionSilence" classname="VoiceRecognitionTests" time="0.001"/>
  <system-out><![CDATA[]]></system-out>
  <system-err><![CDATA[]]></system-err>
</testsuite>
