<?xml version="1.0" encoding="UTF-8"?>
<testsuite name="DatabaseTest" tests="1" skipped="0" failures="0" errors="0" timestamp="2023-06-05T23:18:58" hostname="Leyis-MacBook-Pro.local" time="1.243">
  <properties/>
  <testcase name="testBasicCRUD()" classname="DatabaseTest" time="1.243"/>
  <system-out><![CDATA[]]></system-out>
  <system-err><![CDATA[Jun 05, 2023 4:18:58 PM com.mongodb.internal.diagnostics.logging.Loggers shouldUseSLF4J
WARNING: SLF4J not found on the classpath.  Logging is disabled for the 'org.mongodb.driver' component
]]></system-err>
</testsuite>
